<?xml version='1.0' encoding='UTF-8'?>
<dataset>
	<librarian id="1" nickname="jalexisrdv" password="12345678" nif="nif"/>

	<user id="1" nickname="gabrielmar" password="12345678" mail="mail1@example.com" name="gabriel" first_name="hernandez" last_name="martinez" street="20 de Noviembre" number="SN" flat="SN" postal_code="68410" type="STUDENT" tutor="jesus uscanga hernandez" state="ACTIVE" />
	<user id="2" nickname="jesusher" password="12345678" mail="mail2@example.com" name="jesus" first_name="uscanga" last_name="hernandez" street="Brena Torres" number="SN" flat="SN" postal_code="68415" type="STUDENT" tutor="adela acosta mota" state="ACTIVE" />
	<user id="3" nickname="eduardohue" password="12345678" mail="mail3@example.com" name="eduardo" first_name="ramirez" last_name="huerta" street="Loma Bonita" number="SN" flat="SN" postal_code="68415" type="STUDENT" tutor="manuel vela vazquez" state="PENALIZED" />
	<user id="4" nickname="adelamot" password="12345678" mail="mail4@example.com" name="adela" first_name="acosta" last_name="mota" street="Miguel Hidalgo" number="SN" flat="SN" postal_code="68415" type="TEACHER" department="Computer Science" state="ACTIVE" />
	<user id="5" nickname="diegoval" password="12345678" mail="mail5@example.com" name="diego" first_name="muÃ±oz" last_name="del valle" street="Juan Aldama" number="SN" flat="SN" postal_code="68415" type="TEACHER" department="Computer Science" state="ACTIVE" />
	<user id="6" nickname="manuelvaz" password="12345678" mail="mail6@example.com" name="manuel" first_name="vela" last_name="vazquez" street="1 de Mayo" number="SN" flat="SN" postal_code="68415" type="TEACHER" department="Computer Science" state="ACTIVE" />
		
	<book id="1" isbn="9780132350884" title="Clean Code" author="Robert C. Martin" page_number="464" register_date="2022-08-23" stock="2" />
	<book id="2" isbn="0134494164" title="Clean Architecture" author="Robert C. Martin" page_number="432" register_date="2022-08-23" stock="1" />
	<book id="3" isbn="111821854X" title="Linux Bible" author="Christine Bresnahan, Christopher Negus" page_number="864" register_date="2022-08-23" stock="1" />
	<book id="4" isbn="0984782869" title="Cracking the Coding Interview: 189 Programming Questions and Solutions 6th Edition" author="Gayle Laakmann McDowell" page_number="687" register_date="2022-08-23" stock="1" />
	<book id="5" isbn="9780262033848" title="Introduction to Algorithms" author="Thomas H Cormen, Charles E Leiserson, Ronald L Rivest, Clifford Stein" page_number="1292" register_date="2022-08-23" stock="1" />
	<book id="6" isbn="0137081073" title="The Clean Coder: A Code of Conduct for Professional Programmers" author="Robert C. Martin" page_number="256" register_date="2022-08-23" stock="1" />
	<book id="7" isbn="0201633612" title="Design Patterns: Elements of Reusable Object-Oriented Software" author="Erich Gamma, Richard Helm, Ralph Johnson Dr, John Vlissides" page_number="416" register_date="2022-08-23" stock="1" />
	<book id="8" isbn="0135957052" title="The Pragmatic Programmer: Your Journey to Mastery, 20th Anniversary Edition" author="David Thomas, Andrew Hunt" page_number="352" register_date="2022-08-23" stock="1" />
	<book id="9" isbn="0134757599" title="Refactoring: Improving the Design of Existing Code" author="Martin Fowler" page_number="448" register_date="2022-08-23" stock="1" />
	<book id="10" isbn="9781932394856" title="Test Driven: TDD and Acceptance TDD for Java Developers" author="Lasse Koskela" page_number="470" register_date="2022-08-23" stock="1" />

	<book_exemplary id="1" exemplary_id="A" acquisition_date="2022-08-23" observation="New Book" state="AVAILABLE" location="SITTING_ROOM" book_id="1"/>
	<book_exemplary id="2" exemplary_id="A" acquisition_date="2022-08-23" observation="New Book" state="AVAILABLE" location="SITTING_ROOM" book_id="2"/>
	<book_exemplary id="3" exemplary_id="A" acquisition_date="2022-08-23" observation="New Book" state="AVAILABLE" location="SITTING_ROOM" book_id="3"/>
	<book_exemplary id="4" exemplary_id="A" acquisition_date="2022-08-23" observation="New Book" state="AVAILABLE" location="SITTING_ROOM" book_id="4"/>
	<book_exemplary id="5" exemplary_id="A" acquisition_date="2022-08-23" observation="New Book" state="AVAILABLE" location="SITTING_ROOM" book_id="5"/>
	<book_exemplary id="6" exemplary_id="A" acquisition_date="2022-08-23" observation="New Book" state="AVAILABLE" location="SITTING_ROOM" book_id="6"/>
	<book_exemplary id="7" exemplary_id="A" acquisition_date="2022-08-23" observation="New Book" state="AVAILABLE" location="SITTING_ROOM" book_id="7"/>
	<book_exemplary id="8" exemplary_id="A" acquisition_date="2022-08-23" observation="New Book" state="AVAILABLE" location="SITTING_ROOM" book_id="8"/>
	<book_exemplary id="9" exemplary_id="A" acquisition_date="2022-08-23" observation="New Book" state="AVAILABLE" location="SITTING_ROOM" book_id="9"/>
	<book_exemplary id="10" exemplary_id="A" acquisition_date="2022-08-23" observation="New Book" state="AVAILABLE" location="SITTING_ROOM" book_id="10"/>
	<book_exemplary id="11" exemplary_id="B" acquisition_date="2022-08-23" observation="New Book" state="LENT" location="SITTING_ROOM" book_id="1" user_id="1"/>

	<loan_historical id="1" lend_date="2022-09-10" return_date="2022-10-17" real_return_date="2022-10-17" user_id="1" book_exemplary_id="1" />
	
	<reservation id="1" start_date="2022-09-10" end_date="2022-10-17" finalization_state="DONE" historical_state="ACTIVE" book_id="1" user_id="1" />

	<penalty id="1" start_date="2022-10-19" end_date="2022-09-21" state="ACTIVE" user_id="1" />
</dataset>